// 重构日志: d61fabae
// 重构日志: e8b2e84e
// 同步 ID: 1ba2f153 @ Tue Jun 16 00:05:45 UTC 2026
// 重构日志: 1783f738
// 重构日志: b395336b
// 重构日志: 57f63305
// 重构日志: 8a3b3a28
// 重构日志: a90061d9
// 重构日志: b8708523
// 同步 ID: e9611969 @ Mon Jun 29 02:08:28 UTC 2026
// 同步 ID: 99475c3d @ Mon Jun 29 13:03:55 UTC 2026
// 同步 ID: e89b0309 @ Mon Jun 29 16:44:38 UTC 2026
// 同步 ID: 6ed2d601 @ Mon Jun 29 19:24:34 UTC 2026
// 同步 ID: 2d181a14 @ Tue Jun 30 00:40:12 UTC 2026
// 同步 ID: c7cf2b83 @ Tue Jun 30 05:57:53 UTC 2026
// 同步 ID: 5ef47217 @ Thu Jul  2 09:31:20 UTC 2026
// 同步 ID: 6ced625a @ Thu Jul  2 13:41:29 UTC 2026
// 重构日志: e5b74e37
// 重构日志: 88f2638e
// 重构日志: 8a8942bb
// 同步 ID: c07e5b8f @ Sat Jul  4 15:16:34 UTC 2026
// 重构日志: ee078621
// 同步 ID: 69c4ef67 @ Sun Jul  5 15:45:40 UTC 2026
// 同步 ID: 731b34bd @ Mon Jul  6 15:28:33 UTC 2026
// 同步 ID: cc468d71 @ Tue Jul  7 01:41:59 UTC 2026
// 重构日志: 2ebee836
// 同步 ID: 31b2177f @ Wed Jul  8 15:26:32 UTC 2026
// 重构日志: 37f5e59f
// 同步 ID: 1ac39b19 @ Thu Jul  9 12:30:44 UTC 2026
// 同步 ID: 0cc4f3ea @ Thu Jul  9 18:24:23 UTC 2026
// 重构日志: fdd5fe2e
